Command line:
   Demux_tb_isim_beh.exe
     -simmode  gui
     -simrunnum  1
     -socket  59226

Wed Jan 15 17:03:16 2014


 Elaboration Time: 0.03 sec

 Current Memory Usage: 204.956 Meg

 Total Signals          : 8
 Total Nets             : 13
 Total Signal Drivers   : 4
 Total Blocks           : 3
 Total Primitive Blocks : 2
 Total Processes        : 3
 Total Traceable Variables  : 9
 Total Scalar Nets and Variables : 374
Total Line Count : 10

** Failure:OK. Test Finished
User(VHDL) Code Called Simulation Stop
In process Demux_tb.vhd:stim_proc 
 


 Total Simulation Time: 0.03 sec

 Current Memory Usage: 280.457 Meg

Wed Jan 15 17:07:38 2014

