Command line:
   Mux_tb_isim_beh.exe
     -simmode  gui
     -simrunnum  4
     -socket  47884

Wed Jan 15 17:04:06 2014


 Elaboration Time: 0.03 sec

 Current Memory Usage: 204.952 Meg

 Total Signals          : 8
 Total Nets             : 25
 Total Signal Drivers   : 4
 Total Blocks           : 3
 Total Primitive Blocks : 2
 Total Processes        : 2
 Total Traceable Variables  : 9
 Total Scalar Nets and Variables : 386
Total Line Count : 12

** Failure:Ok. Test Finished
User(VHDL) Code Called Simulation Stop
In process Mux_tb.vhd:stim_proc 
 


 Total Simulation Time: 0.03 sec

 Current Memory Usage: 280.453 Meg

Wed Jan 15 17:07:38 2014

