Command line:
   Prescaler_tb_isim_beh.exe
     -simmode  gui
     -simrunnum  0
     -socket  41297

Sun Jan 12 12:23:44 2014


 Elaboration Time: 0.01 sec

 Current Memory Usage: 204.96 Meg

 Total Signals          : 8
 Total Nets             : 5
 Total Signal Drivers   : 5
 Total Blocks           : 3
 Total Primitive Blocks : 2
 Total Processes        : 4
 Total Traceable Variables  : 13
 Total Scalar Nets and Variables : 370
Total Line Count : 30

 Total Simulation Time: 0.02 sec

 Current Memory Usage: 280.461 Meg

Sun Jan 12 12:24:04 2014

