Release 14.6 - ngc2edif P.68d (lin64)
Copyright (c) 1995-2013 Xilinx, Inc.  All rights reserved.
Reading design TOP_HEXCOUNTER.ngc ...
WARNING:NetListWriters:298 - No output is written to TOP_HEXCOUNTER.xncf,
   ignored.
Processing design ...
   Preping design's networks ...
   Preping design's macros ...
WARNING:NetListWriters:306 - Signal bus
   CLK_PRESCALER/Mcompar_count_cmp_lt0000_lut<10 : 0> on block TOP_HEXCOUNTER is
   not reconstructed, because there are some missing bus signals.
  finished :Prep
Writing EDIF netlist file TOP_HEXCOUNTER.edif ...
ngc2edif: Total memory usage is 103916 kilobytes

Release 14.6 - ngc2edif P.68d (lin64)
Copyright (c) 1995-2013 Xilinx, Inc.  All rights reserved.
Reading design TOP_HEXCOUNTER.ngc ...
WARNING:NetListWriters:298 - No output is written to TOP_HEXCOUNTER.xncf,
   ignored.
Processing design ...
   Preping design's networks ...
   Preping design's macros ...
WARNING:NetListWriters:306 - Signal bus
   CLK_PRESCALER/Mcompar_count_cmp_lt0000_lut<10 : 0> on block TOP_HEXCOUNTER is
   not reconstructed, because there are some missing bus signals.
  finished :Prep
Writing EDIF netlist file TOP_HEXCOUNTER.edif ...
ngc2edif: Total memory usage is 103920 kilobytes

