Command line:
   HexDecoder_tb_isim_beh.exe
     -simmode  gui
     -simrunnum  2
     -socket  33458

Sun Jan 12 14:44:58 2014


 Elaboration Time: 0.02 sec

 Current Memory Usage: 204.96 Meg

 Total Signals          : 6
 Total Nets             : 13
 Total Signal Drivers   : 4
 Total Blocks           : 3
 Total Primitive Blocks : 2
 Total Processes        : 3
 Total Traceable Variables  : 9
 Total Scalar Nets and Variables : 594
Total Line Count : 8

** Failure:OK. Test Finished
User(VHDL) Code Called Simulation Stop
In process HexDecoder_tb.vhd:stim_proc 
 


 Total Simulation Time: 0.03 sec

 Current Memory Usage: 280.461 Meg

Sun Jan 12 14:45:04 2014

