Command line:
   Top_HexCounter_tb_isim_beh.exe
     -simmode  gui
     -simrunnum  0
     -socket  42943

Sun Jan 12 16:18:53 2014


 Elaboration Time: 0.02 sec

 Current Memory Usage: 205.042 Meg

 Total Signals          : 69
 Total Nets             : 55
 Total Signal Drivers   : 31
 Total Blocks           : 13
 Total Primitive Blocks : 11
 Total Processes        : 21
 Total Traceable Variables  : 14
 Total Scalar Nets and Variables : 437
Total Line Count : 94

** Failure:OK. Test Finished
User(VHDL) Code Called Simulation Stop
In process Top_HexCounter_tb.vhd:stim_proc 
 


 Total Simulation Time: 0.06 sec

 Current Memory Usage: 280.543 Meg

Sun Jan 12 16:19:31 2014

