Command line:
   HexCounter_tb_isim_beh.exe
     -simmode  gui
     -simrunnum  2
     -socket  48771

Wed Jan 15 17:03:37 2014


 Elaboration Time: 0.03 sec

 Current Memory Usage: 205.038 Meg

 Total Signals          : 15
 Total Nets             : 17
 Total Signal Drivers   : 6
 Total Blocks           : 5
 Total Primitive Blocks : 4
 Total Processes        : 5
 Total Traceable Variables  : 11
 Total Scalar Nets and Variables : 396
Total Line Count : 38

** Failure:OK. Simulation finished
User(VHDL) Code Called Simulation Stop
In process HexCounter_tb.vhd:stim_proc 
 


 Total Simulation Time: 0.04 sec

 Current Memory Usage: 280.539 Meg

Wed Jan 15 17:07:38 2014

